<?xml version="1.0" encoding="UTF-8"?>
<testng-results ignored="0" total="2" passed="2" failed="0" skipped="0">
  <reporter-output>
  </reporter-output>
  <suite started-at="2023-11-13T09:58:50 IST" name="Default suite" finished-at="2023-11-13T09:59:45 IST" duration-ms="55481">
    <groups>
    </groups>
    <test started-at="2023-11-13T09:58:50 IST" name="Default test" finished-at="2023-11-13T09:59:45 IST" duration-ms="55481">
      <class name="Pack.GuruLoginTest">
        <test-method is-config="true" signature="setUp()[pri:0, instance:Pack.GuruLoginTest@1ca3b418]" started-at="2023-11-13T09:58:50 IST" name="setUp" finished-at="2023-11-13T09:58:55 IST" duration-ms="5536" status="PASS">
          <reporter-output>
          </reporter-output>
        </test-method> <!-- setUp -->
        <test-method is-config="true" signature="setUp1()[pri:0, instance:Pack.GuruLoginTest@1ca3b418]" started-at="2023-11-13T09:58:55 IST" name="setUp1" finished-at="2023-11-13T09:58:55 IST" duration-ms="1" status="PASS">
          <reporter-output>
          </reporter-output>
        </test-method> <!-- setUp1 -->
        <test-method signature="testLogin()[pri:0, instance:Pack.GuruLoginTest@1ca3b418]" started-at="2023-11-13T09:58:55 IST" name="testLogin" finished-at="2023-11-13T09:59:45 IST" duration-ms="49501" status="PASS">
          <reporter-output>
          </reporter-output>
        </test-method> <!-- testLogin -->
        <test-method signature="testLogin1()[pri:0, instance:Pack.GuruLoginTest@1ca3b418]" started-at="2023-11-13T09:59:45 IST" name="testLogin1" finished-at="2023-11-13T09:59:45 IST" duration-ms="2" status="PASS">
          <reporter-output>
          </reporter-output>
        </test-method> <!-- testLogin1 -->
        <test-method is-config="true" signature="tearDown()[pri:0, instance:Pack.GuruLoginTest@1ca3b418]" started-at="2023-11-13T09:59:45 IST" name="tearDown" finished-at="2023-11-13T09:59:45 IST" duration-ms="416" status="PASS">
          <reporter-output>
          </reporter-output>
        </test-method> <!-- tearDown -->
        <test-method is-config="true" signature="tearDown1()[pri:0, instance:Pack.GuruLoginTest@1ca3b418]" started-at="2023-11-13T09:59:45 IST" name="tearDown1" finished-at="2023-11-13T09:59:45 IST" duration-ms="0" status="PASS">
          <reporter-output>
          </reporter-output>
        </test-method> <!-- tearDown1 -->
      </class> <!-- Pack.GuruLoginTest -->
    </test> <!-- Default test -->
  </suite> <!-- Default suite -->
</testng-results>
